<?xml version="1.0" encoding="UTF-8"?>
<testng-results skipped="0" failed="0" ignored="0" total="2" passed="2">
  <reporter-output>
  </reporter-output>
  <suite name="Surefire suite" duration-ms="175" started-at="2023-04-14T16:15:41 ICT" finished-at="2023-04-14T16:15:41 ICT">
    <groups>
    </groups>
    <test name="Surefire test" duration-ms="175" started-at="2023-04-14T16:15:41 ICT" finished-at="2023-04-14T16:15:41 ICT">
      <class name="com.allure.Testcase1">
        <test-method status="PASS" signature="testMethod1()[pri:0, instance:com.allure.Testcase1@3d08f3f5]" name="testMethod1" duration-ms="48" started-at="2023-04-14T16:15:41 ICT" finished-at="2023-04-14T16:15:41 ICT">
          <reporter-output>
          </reporter-output>
        </test-method> <!-- testMethod1 -->
      </class> <!-- com.allure.Testcase1 -->
      <class name="com.allure.Testcase2">
        <test-method status="PASS" signature="testMethod2()[pri:0, instance:com.allure.Testcase2@2cf92cc7]" name="testMethod2" duration-ms="2" started-at="2023-04-14T16:15:41 ICT" finished-at="2023-04-14T16:15:41 ICT">
          <reporter-output>
          </reporter-output>
        </test-method> <!-- testMethod2 -->
      </class> <!-- com.allure.Testcase2 -->
    </test> <!-- Surefire test -->
  </suite> <!-- Surefire suite -->
</testng-results>
